# JRE version: OpenJDK Runtime Environment Microsoft-8035250 (11.0.20+8) (build 11.0.20+8-LTS)
# Java VM: OpenJDK 64-Bit Server VM Microsoft-8035250 (11.0.20+8-LTS, mixed mode, tiered, compressed oops, g1 gc, windows-amd64)
Heap:
 garbage-first heap   total 375808K, used 178165K [0x0000000080000000, 0x0000000100000000)
  region size 1024K, 3 young (3072K), 3 survivors (3072K)
 Metaspace       used 113575K, capacity 117408K, committed 117532K, reserved 618496K
  class space    used 14793K, capacity 16287K, committed 16332K, reserved 516096K
GC Heap History (20 events):
Event: 56.131 GC heap after
{Heap after GC invocations=72 (full 0):
 garbage-first heap   total 177152K, used 147400K [0x0000000080000000, 0x0000000100000000)
  region size 1024K, 2 young (2048K), 2 survivors (2048K)
 Metaspace       used 102649K, capacity 106246K, committed 106396K, reserved 608256K
  class space    used 13456K, capacity 14886K, committed 14924K, reserved 516096K
}
Event: 56.284 GC heap before
{Heap before GC invocations=72 (full 0):
 garbage-first heap   total 177152K, used 154568K [0x0000000080000000, 0x0000000100000000)
  region size 1024K, 9 young (9216K), 2 survivors (2048K)
 Metaspace       used 102683K, capacity 106311K, committed 106396K, reserved 608256K
  class space    used 13456K, capacity 14886K, committed 14924K, reserved 516096K
}
Event: 56.295 GC heap after
{Heap after GC invocations=73 (full 0):
 garbage-first heap   total 177152K, used 149498K [0x0000000080000000, 0x0000000100000000)
  region size 1024K, 2 young (2048K), 2 survivors (2048K)
 Metaspace       used 102683K, capacity 106311K, committed 106396K, reserved 608256K
  class space    used 13456K, capacity 14886K, committed 14924K, reserved 516096K
}
Event: 56.417 GC heap before
{Heap before GC invocations=73 (full 0):
 garbage-first heap   total 177152K, used 155642K [0x0000000080000000, 0x0000000100000000)
  region size 1024K, 8 young (8192K), 2 survivors (2048K)
 Metaspace       used 102945K, capacity 106578K, committed 106780K, reserved 608256K
  class space    used 13490K, capacity 14930K, committed 15052K, reserved 516096K
}
Event: 56.428 GC heap after
{Heap after GC invocations=74 (full 0):
 garbage-first heap   total 212992K, used 150468K [0x0000000080000000, 0x0000000100000000)
  region size 1024K, 1 young (1024K), 1 survivors (1024K)
 Metaspace       used 102945K, capacity 106578K, committed 106780K, reserved 608256K
  class space    used 13490K, capacity 14930K, committed 15052K, reserved 516096K
}
Event: 56.956 GC heap before
{Heap before GC invocations=75 (full 0):
 garbage-first heap   total 212992K, used 174020K [0x0000000080000000, 0x0000000100000000)
  region size 1024K, 24 young (24576K), 1 survivors (1024K)
 Metaspace       used 104928K, capacity 108579K, committed 108828K, reserved 610304K
  class space    used 13772K, capacity 15228K, committed 15308K, reserved 516096K
}
Event: 56.966 GC heap after
{Heap after GC invocations=76 (full 0):
 garbage-first heap   total 212992K, used 151652K [0x0000000080000000, 0x0000000100000000)
  region size 1024K, 3 young (3072K), 3 survivors (3072K)
 Metaspace       used 104928K, capacity 108579K, committed 108828K, reserved 610304K
  class space    used 13772K, capacity 15228K, committed 15308K, reserved 516096K
}
Event: 57.809 GC heap before
{Heap before GC invocations=76 (full 0):
 garbage-first heap   total 212992K, used 175204K [0x0000000080000000, 0x0000000100000000)
  region size 1024K, 26 young (26624K), 3 survivors (3072K)
 Metaspace       used 107857K, capacity 111615K, committed 111772K, reserved 612352K
  class space    used 14166K, capacity 15631K, committed 15692K, reserved 516096K
}
Event: 57.827 GC heap after
{Heap after GC invocations=77 (full 0):
 garbage-first heap   total 212992K, used 153393K [0x0000000080000000, 0x0000000100000000)
  region size 1024K, 4 young (4096K), 4 survivors (4096K)
 Metaspace       used 107857K, capacity 111615K, committed 111772K, reserved 612352K
  class space    used 14166K, capacity 15631K, committed 15692K, reserved 516096K
}
Event: 58.861 GC heap before
{Heap before GC invocations=78 (full 0):
 garbage-first heap   total 212992K, used 177969K [0x0000000080000000, 0x0000000100000000)
  region size 1024K, 28 young (28672K), 4 survivors (4096K)
 Metaspace       used 108472K, capacity 112172K, committed 112412K, reserved 614400K
  class space    used 14248K, capacity 15706K, committed 15820K, reserved 516096K
}
Event: 58.888 GC heap after
{Heap after GC invocations=79 (full 0):
 garbage-first heap   total 212992K, used 156787K [0x0000000080000000, 0x0000000100000000)
  region size 1024K, 4 young (4096K), 4 survivors (4096K)
 Metaspace       used 108472K, capacity 112172K, committed 112412K, reserved 614400K
  class space    used 14248K, capacity 15706K, committed 15820K, reserved 516096K
}
Event: 59.446 GC heap before
{Heap before GC invocations=79 (full 0):
 garbage-first heap   total 212992K, used 179315K [0x0000000080000000, 0x0000000100000000)
  region size 1024K, 26 young (26624K), 4 survivors (4096K)
 Metaspace       used 109259K, capacity 113076K, committed 113308K, reserved 614400K
  class space    used 14338K, capacity 15820K, committed 15948K, reserved 516096K
}
Event: 59.475 GC heap after
{Heap after GC invocations=80 (full 0):
 garbage-first heap   total 272384K, used 161002K [0x0000000080000000, 0x0000000100000000)
  region size 1024K, 4 young (4096K), 4 survivors (4096K)
 Metaspace       used 109259K, capacity 113076K, committed 113308K, reserved 614400K
  class space    used 14338K, capacity 15820K, committed 15948K, reserved 516096K
}
Event: 60.525 GC heap before
{Heap before GC invocations=81 (full 0):
 garbage-first heap   total 272384K, used 201962K [0x0000000080000000, 0x0000000100000000)
  region size 1024K, 44 young (45056K), 4 survivors (4096K)
 Metaspace       used 109768K, capacity 113454K, committed 113820K, reserved 614400K
  class space    used 14371K, capacity 15829K, committed 15948K, reserved 516096K
}
Event: 60.560 GC heap after
{Heap after GC invocations=82 (full 0):
 garbage-first heap   total 272384K, used 167638K [0x0000000080000000, 0x0000000100000000)
  region size 1024K, 6 young (6144K), 6 survivors (6144K)
 Metaspace       used 109768K, capacity 113454K, committed 113820K, reserved 614400K
  class space    used 14371K, capacity 15829K, committed 15948K, reserved 516096K
}
Event: 61.415 GC heap before
{Heap before GC invocations=82 (full 0):
 garbage-first heap   total 272384K, used 208598K [0x0000000080000000, 0x0000000100000000)
  region size 1024K, 46 young (47104K), 6 survivors (6144K)
 Metaspace       used 111896K, capacity 115712K, committed 115868K, reserved 616448K
  class space    used 14624K, capacity 16125K, committed 16204K, reserved 516096K
}
Event: 61.438 GC heap after
{Heap after GC invocations=83 (full 0):
 garbage-first heap   total 272384K, used 171286K [0x0000000080000000, 0x0000000100000000)
  region size 1024K, 4 young (4096K), 4 survivors (4096K)
 Metaspace       used 111896K, capacity 115712K, committed 115868K, reserved 616448K
  class space    used 14624K, capacity 16125K, committed 16204K, reserved 516096K
}
Event: 62.653 GC heap before
{Heap before GC invocations=84 (full 0):
 garbage-first heap   total 272384K, used 211222K [0x0000000080000000, 0x0000000100000000)
  region size 1024K, 44 young (45056K), 4 survivors (4096K)
 Metaspace       used 112826K, capacity 116585K, committed 116764K, reserved 618496K
  class space    used 14726K, capacity 16250K, committed 16332K, reserved 516096K
}
Event: 62.679 GC heap after
{Heap after GC invocations=85 (full 0):
 garbage-first heap   total 272384K, used 175104K [0x0000000080000000, 0x0000000100000000)
  region size 1024K, 6 young (6144K), 6 survivors (6144K)
 Metaspace       used 112826K, capacity 116585K, committed 116764K, reserved 618496K
  class space    used 14726K, capacity 16250K, committed 16332K, reserved 516096K
}
Event: 63.758 GC heap before
{Heap before GC invocations=85 (full 0):
 garbage-first heap   total 272384K, used 216064K [0x0000000080000000, 0x0000000100000000)
  region size 1024K, 47 young (48128K), 6 survivors (6144K)
 Metaspace       used 113575K, capacity 117408K, committed 117532K, reserved 618496K
  class space    used 14793K, capacity 16287K, committed 16332K, reserved 516096K
}

