# JRE version: OpenJDK Runtime Environment Microsoft-8035250 (11.0.20+8) (build 11.0.20+8-LTS)
# Java VM: OpenJDK 64-Bit Server VM Microsoft-8035250 (11.0.20+8-LTS, mixed mode, tiered, compressed oops, g1 gc, windows-amd64)
Heap:
 garbage-first heap   total 292864K, used 177750K [0x0000000080000000, 0x0000000100000000)
  region size 1024K, 2 young (2048K), 2 survivors (2048K)
 Metaspace       used 113037K, capacity 116865K, committed 117020K, reserved 618496K
  class space    used 14725K, capacity 16251K, committed 16332K, reserved 516096K
GC Heap History (20 events):
Event: 61.293 GC heap after
{Heap after GC invocations=80 (full 0):
 garbage-first heap   total 202752K, used 150487K [0x0000000080000000, 0x0000000100000000)
  region size 1024K, 4 young (4096K), 4 survivors (4096K)
 Metaspace       used 103082K, capacity 106744K, committed 107036K, reserved 608256K
  class space    used 13500K, capacity 14962K, committed 15052K, reserved 516096K
}
Event: 61.835 GC heap before
{Heap before GC invocations=80 (full 0):
 garbage-first heap   total 202752K, used 173015K [0x0000000080000000, 0x0000000100000000)
  region size 1024K, 26 young (26624K), 4 survivors (4096K)
 Metaspace       used 105009K, capacity 108710K, committed 108828K, reserved 610304K
  class space    used 13774K, capacity 15228K, committed 15308K, reserved 516096K
}
Event: 61.849 GC heap after
{Heap after GC invocations=81 (full 0):
 garbage-first heap   total 202752K, used 152603K [0x0000000080000000, 0x0000000100000000)
  region size 1024K, 2 young (2048K), 2 survivors (2048K)
 Metaspace       used 105009K, capacity 108710K, committed 108828K, reserved 610304K
  class space    used 13774K, capacity 15228K, committed 15308K, reserved 516096K
}
Event: 62.985 GC heap before
{Heap before GC invocations=82 (full 0):
 garbage-first heap   total 202752K, used 174107K [0x0000000080000000, 0x0000000100000000)
  region size 1024K, 23 young (23552K), 2 survivors (2048K)
 Metaspace       used 107797K, capacity 111552K, committed 111772K, reserved 612352K
  class space    used 14157K, capacity 15631K, committed 15692K, reserved 516096K
}
Event: 62.997 GC heap after
{Heap after GC invocations=83 (full 0):
 garbage-first heap   total 202752K, used 153972K [0x0000000080000000, 0x0000000100000000)
  region size 1024K, 3 young (3072K), 3 survivors (3072K)
 Metaspace       used 107797K, capacity 111552K, committed 111772K, reserved 612352K
  class space    used 14157K, capacity 15631K, committed 15692K, reserved 516096K
}
Event: 63.729 GC heap before
{Heap before GC invocations=83 (full 0):
 garbage-first heap   total 202752K, used 174452K [0x0000000080000000, 0x0000000100000000)
  region size 1024K, 23 young (23552K), 3 survivors (3072K)
 Metaspace       used 108229K, capacity 111950K, committed 112028K, reserved 614400K
  class space    used 14212K, capacity 15674K, committed 15692K, reserved 516096K
}
Event: 63.768 GC heap after
{Heap after GC invocations=84 (full 0):
 garbage-first heap   total 202752K, used 157216K [0x0000000080000000, 0x0000000100000000)
  region size 1024K, 3 young (3072K), 3 survivors (3072K)
 Metaspace       used 108229K, capacity 111950K, committed 112028K, reserved 614400K
  class space    used 14212K, capacity 15674K, committed 15692K, reserved 516096K
}
Event: 64.601 GC heap before
{Heap before GC invocations=84 (full 0):
 garbage-first heap   total 202752K, used 175648K [0x0000000080000000, 0x0000000100000000)
  region size 1024K, 21 young (21504K), 3 survivors (3072K)
 Metaspace       used 108958K, capacity 112712K, committed 112924K, reserved 614400K
  class space    used 14288K, capacity 15744K, committed 15820K, reserved 516096K
}
Event: 64.623 GC heap after
{Heap after GC invocations=85 (full 0):
 garbage-first heap   total 202752K, used 160883K [0x0000000080000000, 0x0000000100000000)
  region size 1024K, 3 young (3072K), 3 survivors (3072K)
 Metaspace       used 108958K, capacity 112712K, committed 112924K, reserved 614400K
  class space    used 14288K, capacity 15744K, committed 15820K, reserved 516096K
}
Event: 65.053 GC heap before
{Heap before GC invocations=86 (full 0):
 garbage-first heap   total 202752K, used 175219K [0x0000000080000000, 0x0000000100000000)
  region size 1024K, 17 young (17408K), 3 survivors (3072K)
 Metaspace       used 109328K, capacity 113087K, committed 113308K, reserved 614400K
  class space    used 14335K, capacity 15820K, committed 15948K, reserved 516096K
}
Event: 65.068 GC heap after
{Heap after GC invocations=87 (full 0):
 garbage-first heap   total 202752K, used 162707K [0x0000000080000000, 0x0000000100000000)
  region size 1024K, 3 young (3072K), 3 survivors (3072K)
 Metaspace       used 109328K, capacity 113087K, committed 113308K, reserved 614400K
  class space    used 14335K, capacity 15820K, committed 15948K, reserved 516096K
}
Event: 65.555 GC heap before
{Heap before GC invocations=87 (full 0):
 garbage-first heap   total 202752K, used 176019K [0x0000000080000000, 0x0000000100000000)
  region size 1024K, 16 young (16384K), 3 survivors (3072K)
 Metaspace       used 109420K, capacity 113173K, committed 113308K, reserved 614400K
  class space    used 14337K, capacity 15823K, committed 15948K, reserved 516096K
}
Event: 65.575 GC heap after
{Heap after GC invocations=88 (full 0):
 garbage-first heap   total 243712K, used 165543K [0x0000000080000000, 0x0000000100000000)
  region size 1024K, 2 young (2048K), 2 survivors (2048K)
 Metaspace       used 109420K, capacity 113173K, committed 113308K, reserved 614400K
  class space    used 14337K, capacity 15823K, committed 15948K, reserved 516096K
}
Event: 66.627 GC heap before
{Heap before GC invocations=89 (full 0):
 garbage-first heap   total 243712K, used 195239K [0x0000000080000000, 0x0000000100000000)
  region size 1024K, 31 young (31744K), 2 survivors (2048K)
 Metaspace       used 110161K, capacity 113951K, committed 114076K, reserved 614400K
  class space    used 14392K, capacity 15862K, committed 15948K, reserved 516096K
}
Event: 66.652 GC heap after
{Heap after GC invocations=90 (full 0):
 garbage-first heap   total 243712K, used 169899K [0x0000000080000000, 0x0000000100000000)
  region size 1024K, 4 young (4096K), 4 survivors (4096K)
 Metaspace       used 110161K, capacity 113951K, committed 114076K, reserved 614400K
  class space    used 14392K, capacity 15862K, committed 15948K, reserved 516096K
}
Event: 67.265 GC heap before
{Heap before GC invocations=90 (full 0):
 garbage-first heap   total 243712K, used 198571K [0x0000000080000000, 0x0000000100000000)
  region size 1024K, 32 young (32768K), 4 survivors (4096K)
 Metaspace       used 111773K, capacity 115620K, committed 115868K, reserved 616448K
  class space    used 14596K, capacity 16092K, committed 16204K, reserved 516096K
}
Event: 67.283 GC heap after
{Heap after GC invocations=91 (full 0):
 garbage-first heap   total 243712K, used 172018K [0x0000000080000000, 0x0000000100000000)
  region size 1024K, 2 young (2048K), 2 survivors (2048K)
 Metaspace       used 111773K, capacity 115620K, committed 115868K, reserved 616448K
  class space    used 14596K, capacity 16092K, committed 16204K, reserved 516096K
}
Event: 68.376 GC heap before
{Heap before GC invocations=92 (full 0):
 garbage-first heap   total 243712K, used 200690K [0x0000000080000000, 0x0000000100000000)
  region size 1024K, 30 young (30720K), 2 survivors (2048K)
 Metaspace       used 112575K, capacity 116315K, committed 116380K, reserved 616448K
  class space    used 14683K, capacity 16182K, committed 16204K, reserved 516096K
}
Event: 68.396 GC heap after
{Heap after GC invocations=93 (full 0):
 garbage-first heap   total 243712K, used 175824K [0x0000000080000000, 0x0000000100000000)
  region size 1024K, 4 young (4096K), 4 survivors (4096K)
 Metaspace       used 112575K, capacity 116315K, committed 116380K, reserved 616448K
  class space    used 14683K, capacity 16182K, committed 16204K, reserved 516096K
}
Event: 69.485 GC heap before
{Heap before GC invocations=93 (full 0):
 garbage-first heap   total 243712K, used 202448K [0x0000000080000000, 0x0000000100000000)
  region size 1024K, 31 young (31744K), 4 survivors (4096K)
 Metaspace       used 113037K, capacity 116865K, committed 117020K, reserved 618496K
  class space    used 14725K, capacity 16251K, committed 16332K, reserved 516096K
}

