# JRE version: Java(TM) SE Runtime Environment (17.0.8+9) (build 17.0.8+9-LTS-211)
# Java VM: Java HotSpot(TM) 64-Bit Server VM (17.0.8+9-LTS-211, mixed mode, sharing, tiered, compressed oops, compressed class ptrs, g1 gc, windows-amd64)
GC Precious Log:
 CPUs: 4 total, 4 available
 Memory: 7591M
 Large Page Support: Disabled
 NUMA Support: Disabled
 Compressed Oops: Enabled (32-bit)
 Heap Region Size: 1M
 Heap Min Capacity: 8M
 Heap Initial Capacity: 120M
 Heap Max Capacity: 2G
 Pre-touch: Disabled
 Parallel Workers: 4
 Concurrent Workers: 1
 Concurrent Refinement Workers: 4
 Periodic GC: Disabled
Heap:
 garbage-first heap   total 122880K, used 30593K [0x0000000080000000, 0x0000000100000000)
  region size 1024K, 20 young (20480K), 9 survivors (9216K)
 Metaspace       used 18358K, committed 18688K, reserved 491520K
  class space    used 2699K, committed 2880K, reserved 425984K
GC Heap History (8 events):
Event: 1.212 GC heap before
{Heap before GC invocations=0 (full 0):
 garbage-first heap   total 122880K, used 13312K [0x0000000080000000, 0x0000000100000000)
  region size 1024K, 13 young (13312K), 0 survivors (0K)
 Metaspace       used 964K, committed 1088K, reserved 491520K
  class space    used 74K, committed 128K, reserved 425984K
}
Event: 1.258 GC heap after
{Heap after GC invocations=1 (full 0):
 garbage-first heap   total 122880K, used 3748K [0x0000000080000000, 0x0000000100000000)
  region size 1024K, 2 young (2048K), 2 survivors (2048K)
 Metaspace       used 964K, committed 1088K, reserved 491520K
  class space    used 74K, committed 128K, reserved 425984K
}
Event: 2.762 GC heap before
{Heap before GC invocations=1 (full 0):
 garbage-first heap   total 122880K, used 22180K [0x0000000080000000, 0x0000000100000000)
  region size 1024K, 17 young (17408K), 2 survivors (2048K)
 Metaspace       used 3815K, committed 3968K, reserved 491520K
  class space    used 474K, committed 576K, reserved 425984K
}
Event: 2.769 GC heap after
{Heap after GC invocations=2 (full 0):
 garbage-first heap   total 122880K, used 10603K [0x0000000080000000, 0x0000000100000000)
  region size 1024K, 3 young (3072K), 3 survivors (3072K)
 Metaspace       used 3815K, committed 3968K, reserved 491520K
  class space    used 474K, committed 576K, reserved 425984K
}
Event: 3.891 GC heap before
{Heap before GC invocations=2 (full 0):
 garbage-first heap   total 122880K, used 33131K [0x0000000080000000, 0x0000000100000000)
  region size 1024K, 24 young (24576K), 3 survivors (3072K)
 Metaspace       used 3910K, committed 4096K, reserved 491520K
  class space    used 475K, committed 576K, reserved 425984K
}
Event: 3.898 GC heap after
{Heap after GC invocations=3 (full 0):
 garbage-first heap   total 122880K, used 12970K [0x0000000080000000, 0x0000000100000000)
  region size 1024K, 3 young (3072K), 3 survivors (3072K)
 Metaspace       used 3910K, committed 4096K, reserved 491520K
  class space    used 475K, committed 576K, reserved 425984K
}
Event: 9.373 GC heap before
{Heap before GC invocations=3 (full 0):
 garbage-first heap   total 122880K, used 83626K [0x0000000080000000, 0x0000000100000000)
  region size 1024K, 72 young (73728K), 3 survivors (3072K)
 Metaspace       used 16672K, committed 16960K, reserved 491520K
  class space    used 2419K, committed 2560K, reserved 425984K
}
Event: 9.387 GC heap after
{Heap after GC invocations=4 (full 0):
 garbage-first heap   total 122880K, used 20353K [0x0000000080000000, 0x0000000100000000)
  region size 1024K, 9 young (9216K), 9 survivors (9216K)
 Metaspace       used 16672K, committed 16960K, reserved 491520K
  class space    used 2419K, committed 2560K, reserved 425984K
}

