# JRE version: OpenJDK Runtime Environment Microsoft-8035250 (11.0.20+8) (build 11.0.20+8-LTS)
# Java VM: OpenJDK 64-Bit Server VM Microsoft-8035250 (11.0.20+8-LTS, mixed mode, tiered, compressed oops, g1 gc, windows-amd64)
Heap:
 garbage-first heap   total 320512K, used 177978K [0x0000000080000000, 0x0000000100000000)
  region size 1024K, 5 young (5120K), 5 survivors (5120K)
 Metaspace       used 113255K, capacity 117120K, committed 117276K, reserved 618496K
  class space    used 14740K, capacity 16268K, committed 16332K, reserved 516096K
GC Heap History (20 events):
Event: 54.950 GC heap after
{Heap after GC invocations=82 (full 0):
 garbage-first heap   total 182272K, used 138714K [0x0000000080000000, 0x0000000100000000)
  region size 1024K, 3 young (3072K), 3 survivors (3072K)
 Metaspace       used 102408K, capacity 105844K, committed 106012K, reserved 608256K
  class space    used 13411K, capacity 14759K, committed 14796K, reserved 516096K
}
Event: 55.438 GC heap before
{Heap before GC invocations=83 (full 0):
 garbage-first heap   total 182272K, used 156122K [0x0000000080000000, 0x0000000100000000)
  region size 1024K, 22 young (22528K), 3 survivors (3072K)
 Metaspace       used 102549K, capacity 106157K, committed 106396K, reserved 608256K
  class space    used 13430K, capacity 14814K, committed 14924K, reserved 516096K
}
Event: 55.455 GC heap after
{Heap after GC invocations=84 (full 0):
 garbage-first heap   total 182272K, used 140697K [0x0000000080000000, 0x0000000100000000)
  region size 1024K, 2 young (2048K), 2 survivors (2048K)
 Metaspace       used 102549K, capacity 106157K, committed 106396K, reserved 608256K
  class space    used 13430K, capacity 14814K, committed 14924K, reserved 516096K
}
Event: 56.029 GC heap before
{Heap before GC invocations=84 (full 0):
 garbage-first heap   total 182272K, used 160153K [0x0000000080000000, 0x0000000100000000)
  region size 1024K, 19 young (19456K), 2 survivors (2048K)
 Metaspace       used 102754K, capacity 106435K, committed 106652K, reserved 608256K
  class space    used 13451K, capacity 14885K, committed 14924K, reserved 516096K
}
Event: 56.046 GC heap after
{Heap after GC invocations=85 (full 0):
 garbage-first heap   total 219136K, used 148112K [0x0000000080000000, 0x0000000100000000)
  region size 1024K, 3 young (3072K), 3 survivors (3072K)
 Metaspace       used 102754K, capacity 106435K, committed 106652K, reserved 608256K
  class space    used 13451K, capacity 14885K, committed 14924K, reserved 516096K
}
Event: 56.786 GC heap before
{Heap before GC invocations=86 (full 0):
 garbage-first heap   total 219136K, used 174736K [0x0000000080000000, 0x0000000100000000)
  region size 1024K, 29 young (29696K), 3 survivors (3072K)
 Metaspace       used 104478K, capacity 108192K, committed 108444K, reserved 610304K
  class space    used 13704K, capacity 15163K, committed 15180K, reserved 516096K
}
Event: 56.805 GC heap after
{Heap after GC invocations=87 (full 0):
 garbage-first heap   total 219136K, used 151530K [0x0000000080000000, 0x0000000100000000)
  region size 1024K, 3 young (3072K), 3 survivors (3072K)
 Metaspace       used 104478K, capacity 108192K, committed 108444K, reserved 610304K
  class space    used 13704K, capacity 15163K, committed 15180K, reserved 516096K
}
Event: 57.561 GC heap before
{Heap before GC invocations=87 (full 0):
 garbage-first heap   total 219136K, used 177130K [0x0000000080000000, 0x0000000100000000)
  region size 1024K, 28 young (28672K), 3 survivors (3072K)
 Metaspace       used 107735K, capacity 111514K, committed 111772K, reserved 612352K
  class space    used 14139K, capacity 15598K, committed 15692K, reserved 516096K
}
Event: 57.580 GC heap after
{Heap after GC invocations=88 (full 0):
 garbage-first heap   total 219136K, used 152955K [0x0000000080000000, 0x0000000100000000)
  region size 1024K, 2 young (2048K), 2 survivors (2048K)
 Metaspace       used 107735K, capacity 111514K, committed 111772K, reserved 612352K
  class space    used 14139K, capacity 15598K, committed 15692K, reserved 516096K
}
Event: 58.582 GC heap before
{Heap before GC invocations=89 (full 0):
 garbage-first heap   total 219136K, used 179579K [0x0000000080000000, 0x0000000100000000)
  region size 1024K, 28 young (28672K), 2 survivors (2048K)
 Metaspace       used 108474K, capacity 112234K, committed 112412K, reserved 614400K
  class space    used 14240K, capacity 15705K, committed 15820K, reserved 516096K
}
Event: 58.603 GC heap after
{Heap after GC invocations=90 (full 0):
 garbage-first heap   total 219136K, used 156672K [0x0000000080000000, 0x0000000100000000)
  region size 1024K, 4 young (4096K), 4 survivors (4096K)
 Metaspace       used 108474K, capacity 112234K, committed 112412K, reserved 614400K
  class space    used 14240K, capacity 15705K, committed 15820K, reserved 516096K
}
Event: 59.305 GC heap before
{Heap before GC invocations=90 (full 0):
 garbage-first heap   total 219136K, used 182272K [0x0000000080000000, 0x0000000100000000)
  region size 1024K, 29 young (29696K), 4 survivors (4096K)
 Metaspace       used 109347K, capacity 113141K, committed 113308K, reserved 614400K
  class space    used 14333K, capacity 15819K, committed 15948K, reserved 516096K
}
Event: 59.331 GC heap after
{Heap after GC invocations=91 (full 0):
 garbage-first heap   total 263168K, used 161026K [0x0000000080000000, 0x0000000100000000)
  region size 1024K, 4 young (4096K), 4 survivors (4096K)
 Metaspace       used 109347K, capacity 113141K, committed 113308K, reserved 614400K
  class space    used 14333K, capacity 15819K, committed 15948K, reserved 516096K
}
Event: 60.626 GC heap before
{Heap before GC invocations=92 (full 0):
 garbage-first heap   total 263168K, used 198914K [0x0000000080000000, 0x0000000100000000)
  region size 1024K, 41 young (41984K), 4 survivors (4096K)
 Metaspace       used 109848K, capacity 113581K, committed 113820K, reserved 614400K
  class space    used 14366K, capacity 15828K, committed 15948K, reserved 516096K
}
Event: 60.656 GC heap after
{Heap after GC invocations=93 (full 0):
 garbage-first heap   total 263168K, used 167936K [0x0000000080000000, 0x0000000100000000)
  region size 1024K, 6 young (6144K), 6 survivors (6144K)
 Metaspace       used 109848K, capacity 113581K, committed 113820K, reserved 614400K
  class space    used 14366K, capacity 15828K, committed 15948K, reserved 516096K
}
Event: 61.330 GC heap before
{Heap before GC invocations=93 (full 0):
 garbage-first heap   total 263168K, used 204800K [0x0000000080000000, 0x0000000100000000)
  region size 1024K, 42 young (43008K), 6 survivors (6144K)
 Metaspace       used 111785K, capacity 115481K, committed 115612K, reserved 616448K
  class space    used 14589K, capacity 16091K, committed 16204K, reserved 516096K
}
Event: 61.358 GC heap after
{Heap after GC invocations=94 (full 0):
 garbage-first heap   total 263168K, used 171235K [0x0000000080000000, 0x0000000100000000)
  region size 1024K, 3 young (3072K), 3 survivors (3072K)
 Metaspace       used 111785K, capacity 115481K, committed 115612K, reserved 616448K
  class space    used 14589K, capacity 16091K, committed 16204K, reserved 516096K
}
Event: 62.841 GC heap before
{Heap before GC invocations=95 (full 0):
 garbage-first heap   total 263168K, used 208099K [0x0000000080000000, 0x0000000100000000)
  region size 1024K, 39 young (39936K), 3 survivors (3072K)
 Metaspace       used 112891K, capacity 116618K, committed 116764K, reserved 618496K
  class space    used 14722K, capacity 16218K, committed 16332K, reserved 516096K
}
Event: 62.869 GC heap after
{Heap after GC invocations=96 (full 0):
 garbage-first heap   total 263168K, used 175665K [0x0000000080000000, 0x0000000100000000)
  region size 1024K, 5 young (5120K), 5 survivors (5120K)
 Metaspace       used 112891K, capacity 116618K, committed 116764K, reserved 618496K
  class space    used 14722K, capacity 16218K, committed 16332K, reserved 516096K
}
Event: 64.150 GC heap before
{Heap before GC invocations=96 (full 0):
 garbage-first heap   total 263168K, used 211505K [0x0000000080000000, 0x0000000100000000)
  region size 1024K, 41 young (41984K), 5 survivors (5120K)
 Metaspace       used 113255K, capacity 117120K, committed 117276K, reserved 618496K
  class space    used 14740K, capacity 16268K, committed 16332K, reserved 516096K
}

