# JRE version: OpenJDK Runtime Environment Microsoft-8035250 (11.0.20+8) (build 11.0.20+8-LTS)
# Java VM: OpenJDK 64-Bit Server VM Microsoft-8035250 (11.0.20+8-LTS, mixed mode, tiered, compressed oops, g1 gc, windows-amd64)
Heap:
 garbage-first heap   total 545792K, used 328480K [0x0000000080000000, 0x0000000100000000)
  region size 1024K, 3 young (3072K), 3 survivors (3072K)
 Metaspace       used 159618K, capacity 165236K, committed 165532K, reserved 661504K
  class space    used 19832K, capacity 22022K, committed 22092K, reserved 516096K
GC Heap History (20 events):
Event: 371.602 GC heap after
{Heap after GC invocations=182 (full 0):
 garbage-first heap   total 380928K, used 328480K [0x0000000080000000, 0x0000000100000000)
  region size 1024K, 2 young (2048K), 2 survivors (2048K)
 Metaspace       used 150962K, capacity 156229K, committed 156444K, reserved 653312K
  class space    used 18665K, capacity 20648K, committed 20684K, reserved 516096K
}
Event: 372.715 GC heap before
{Heap before GC invocations=182 (full 0):
 garbage-first heap   total 380928K, used 347936K [0x0000000080000000, 0x0000000100000000)
  region size 1024K, 18 young (18432K), 2 survivors (2048K)
 Metaspace       used 151035K, capacity 156354K, committed 156572K, reserved 653312K
  class space    used 18671K, capacity 20684K, committed 20812K, reserved 516096K
}
Event: 372.741 GC heap after
{Heap after GC invocations=183 (full 0):
 garbage-first heap   total 380928K, used 288301K [0x0000000080000000, 0x0000000100000000)
  region size 1024K, 2 young (2048K), 2 survivors (2048K)
 Metaspace       used 151035K, capacity 156354K, committed 156572K, reserved 653312K
  class space    used 18671K, capacity 20684K, committed 20812K, reserved 516096K
}
Event: 373.209 GC heap before
{Heap before GC invocations=183 (full 0):
 garbage-first heap   total 380928K, used 307757K [0x0000000080000000, 0x0000000100000000)
  region size 1024K, 18 young (18432K), 2 survivors (2048K)
 Metaspace       used 151103K, capacity 156364K, committed 156572K, reserved 653312K
  class space    used 18677K, capacity 20685K, committed 20812K, reserved 516096K
}
Event: 373.268 GC heap after
{Heap after GC invocations=184 (full 0):
 garbage-first heap   total 380928K, used 248777K [0x0000000080000000, 0x0000000100000000)
  region size 1024K, 3 young (3072K), 3 survivors (3072K)
 Metaspace       used 151103K, capacity 156364K, committed 156572K, reserved 653312K
  class space    used 18677K, capacity 20685K, committed 20812K, reserved 516096K
}
Event: 373.749 GC heap before
{Heap before GC invocations=184 (full 0):
 garbage-first heap   total 380928K, used 263113K [0x0000000080000000, 0x0000000100000000)
  region size 1024K, 18 young (18432K), 3 survivors (3072K)
 Metaspace       used 151107K, capacity 156364K, committed 156572K, reserved 653312K
  class space    used 18677K, capacity 20685K, committed 20812K, reserved 516096K
}
Event: 373.777 GC heap after
{Heap after GC invocations=185 (full 0):
 garbage-first heap   total 380928K, used 247251K [0x0000000080000000, 0x0000000100000000)
  region size 1024K, 3 young (3072K), 3 survivors (3072K)
 Metaspace       used 151107K, capacity 156364K, committed 156572K, reserved 653312K
  class space    used 18677K, capacity 20685K, committed 20812K, reserved 516096K
}
Event: 377.469 GC heap before
{Heap before GC invocations=185 (full 0):
 garbage-first heap   total 380928K, used 293331K [0x0000000080000000, 0x0000000100000000)
  region size 1024K, 45 young (46080K), 3 survivors (3072K)
 Metaspace       used 151536K, capacity 156830K, committed 157084K, reserved 653312K
  class space    used 18750K, capacity 20797K, committed 20812K, reserved 516096K
}
Event: 377.492 GC heap after
{Heap after GC invocations=186 (full 0):
 garbage-first heap   total 380928K, used 250880K [0x0000000080000000, 0x0000000100000000)
  region size 1024K, 5 young (5120K), 5 survivors (5120K)
 Metaspace       used 151536K, capacity 156830K, committed 157084K, reserved 653312K
  class space    used 18750K, capacity 20797K, committed 20812K, reserved 516096K
}
Event: 380.109 GC heap before
{Heap before GC invocations=186 (full 0):
 garbage-first heap   total 380928K, used 309248K [0x0000000080000000, 0x0000000100000000)
  region size 1024K, 49 young (50176K), 5 survivors (5120K)
 Metaspace       used 154214K, capacity 159495K, committed 159772K, reserved 655360K
  class space    used 19099K, capacity 21163K, committed 21196K, reserved 516096K
}
Event: 380.407 GC heap after
{Heap after GC invocations=187 (full 0):
 garbage-first heap   total 380928K, used 277442K [0x0000000080000000, 0x0000000100000000)
  region size 1024K, 7 young (7168K), 7 survivors (7168K)
 Metaspace       used 154214K, capacity 159495K, committed 159772K, reserved 655360K
  class space    used 19099K, capacity 21163K, committed 21196K, reserved 516096K
}
Event: 381.579 GC heap before
{Heap before GC invocations=187 (full 0):
 garbage-first heap   total 380928K, used 341954K [0x0000000080000000, 0x0000000100000000)
  region size 1024K, 39 young (39936K), 7 survivors (7168K)
 Metaspace       used 156388K, capacity 161766K, committed 161948K, reserved 657408K
  class space    used 19367K, capacity 21446K, committed 21580K, reserved 516096K
}
Event: 381.629 GC heap after
{Heap after GC invocations=188 (full 0):
 garbage-first heap   total 380928K, used 299115K [0x0000000080000000, 0x0000000100000000)
  region size 1024K, 5 young (5120K), 5 survivors (5120K)
 Metaspace       used 156388K, capacity 161766K, committed 161948K, reserved 657408K
  class space    used 19367K, capacity 21446K, committed 21580K, reserved 516096K
}
Event: 382.078 GC heap before
{Heap before GC invocations=188 (full 0):
 garbage-first heap   total 380928K, used 324715K [0x0000000080000000, 0x0000000100000000)
  region size 1024K, 27 young (27648K), 5 survivors (5120K)
 Metaspace       used 158005K, capacity 163436K, committed 163740K, reserved 659456K
  class space    used 19640K, capacity 21744K, committed 21836K, reserved 516096K
}
Event: 382.163 GC heap after
{Heap after GC invocations=189 (full 0):
 garbage-first heap   total 380928K, used 307669K [0x0000000080000000, 0x0000000100000000)
  region size 1024K, 4 young (4096K), 4 survivors (4096K)
 Metaspace       used 158005K, capacity 163436K, committed 163740K, reserved 659456K
  class space    used 19640K, capacity 21744K, committed 21836K, reserved 516096K
}
Event: 382.535 GC heap before
{Heap before GC invocations=189 (full 0):
 garbage-first heap   total 380928K, used 325077K [0x0000000080000000, 0x0000000100000000)
  region size 1024K, 22 young (22528K), 4 survivors (4096K)
 Metaspace       used 158550K, capacity 163991K, committed 164252K, reserved 659456K
  class space    used 19689K, capacity 21779K, committed 21836K, reserved 516096K
}
Event: 382.630 GC heap after
{Heap after GC invocations=190 (full 0):
 garbage-first heap   total 380928K, used 314827K [0x0000000080000000, 0x0000000100000000)
  region size 1024K, 3 young (3072K), 3 survivors (3072K)
 Metaspace       used 158550K, capacity 163991K, committed 164252K, reserved 659456K
  class space    used 19689K, capacity 21779K, committed 21836K, reserved 516096K
}
Event: 382.887 GC heap before
{Heap before GC invocations=190 (full 0):
 garbage-first heap   total 380928K, used 331211K [0x0000000080000000, 0x0000000100000000)
  region size 1024K, 18 young (18432K), 3 survivors (3072K)
 Metaspace       used 159277K, capacity 164762K, committed 164892K, reserved 659456K
  class space    used 19766K, capacity 21886K, committed 21964K, reserved 516096K
}
Event: 383.030 GC heap after
{Heap after GC invocations=191 (full 0):
 garbage-first heap   total 380928K, used 322853K [0x0000000080000000, 0x0000000100000000)
  region size 1024K, 3 young (3072K), 3 survivors (3072K)
 Metaspace       used 159277K, capacity 164762K, committed 164892K, reserved 659456K
  class space    used 19766K, capacity 21886K, committed 21964K, reserved 516096K
}
Event: 383.365 GC heap before
{Heap before GC invocations=191 (full 0):
 garbage-first heap   total 380928K, used 337189K [0x0000000080000000, 0x0000000100000000)
  region size 1024K, 18 young (18432K), 3 survivors (3072K)
 Metaspace       used 159618K, capacity 165236K, committed 165532K, reserved 661504K
  class space    used 19832K, capacity 22022K, committed 22092K, reserved 516096K
}

