<?xml version="1.0" encoding="UTF-8"?>
<testsuite xmlns:xsi="http://www.w3.org/2001/XMLSchema-instance" xsi:noNamespaceSchemaLocation="https://maven.apache.org/surefire/maven-surefire-plugin/xsd/surefire-test-report-3.0.xsd" version="3.0" name="TPApplicationTests" time="1.33" tests="2" errors="0" skipped="0" failures="0">
  <properties>
[...]
</properties>
  <testcase name="ahp" classname="TPApplicationTests" time="0.687">
    <system-out><![CDATA[
  .   ____          _            __ _ _
 /\\ / ___'_ __ _ _(_)_ __  __ _ \ \ \ \
( ( )\___ | '_ | '_| | '_ \/ _` | \ \ \ \
 \\/  ___)| |_)| | | | | || (_| |  ) ) ) )
  '  |____| .__|_| |_|_| |_\__, | / / / /
 =========|_|==============|___/=/_/_/_/
 :: Spring Boot ::                (v3.2.0)

Normalized Matrix:
|	0.6278	|	0.7317	|	0.5455	|	0.5000	|
|	0.1256	|	0.1463	|	0.2727	|	0.2143	|
|	0.1570	|	0.0732	|	0.1364	|	0.2143	|
|	0.0897	|	0.0488	|	0.0455	|	0.0714	|

Weights:
|	0.6012	|	0.1897	|	0.1452	|	0.0638	|


Consistency Ratio: 0.052097276676956406
The consistency ratio is acceptable.
]]></system-out>
  </testcase>
  <testcase name="contextLoads" classname="TPApplicationTests" time="0.003"/>
</testsuite>